make all --print-data-base --no-builtin-variables --no-builtin-rules --question
# GNU Make 3.81
# Copyright (C) 2006  Free Software Foundation, Inc.
# This is free software; see the source for copying conditions.
# There is NO warranty; not even for MERCHANTABILITY or FITNESS FOR A
# PARTICULAR PURPOSE.

# This program built for i386-apple-darwin11.3.0
 
make: *** No rule to make target `all'.  Stop.


# Make data base, printed on Sun Jul 24 15:07:43 2022

# Variables

# automatic
<D = $(patsubst %/,%,$(dir $<))
# automatic
?F = $(notdir $?)
# makefile (from `Makefile', line 17)
MAIN_OBJ := ./build/./src/main.cpp.o
# makefile (from `Makefile', line 2)
TEST_EXEC := test
# automatic
?D = $(patsubst %/,%,$(dir $?))
# makefile (from `Makefile', line 33)
CPPFLAGS := -I./src -I./src/csv -I./src/catch  -MMD -MP -std=c++17 -O3
# automatic
@D = $(patsubst %/,%,$(dir $@))
# automatic
@F = $(notdir $@)
# makefile
CURDIR := /Users/collin/code/lap_sim
# makefile
SHELL = /bin/sh
# environment
VSCODE_NLS_CONFIG = {"locale":"en-us","availableLanguages":{},"_languagePackSupport":true}
# environment
_ = /usr/bin/make
# makefile (from `Makefile', line 27)
INC_DIRS := ./src ./src/csv ./src/catch
# makefile (from `build/./src/main.cpp.d', line 1)
MAKEFILE_LIST :=  Makefile build/./src/csv/csv.cpp.d build/./src/main.cpp.d
# environment
__CFBundleIdentifier = com.microsoft.VSCode
# environment
INFOPATH = /opt/homebrew/share/info:
# makefile (from `Makefile', line 24)
TEST_DEP := ./build/./src/test.cpp.d ./build/./src/catch/catchmain.cpp.d
# environment
VSCODE_CWD = /
# makefile (from `Makefile', line 11)
TEST_SRC := ./src/test.cpp ./src/catch/catchmain.cpp
# environment
PATH = /opt/homebrew/bin:/opt/homebrew/sbin:/Library/Frameworks/Python.framework/Versions/3.9/bin:/usr/local/bin:/usr/bin:/bin:/usr/sbin:/sbin:/Library/Apple/usr/bin:/opt/homebrew/bin:/opt/homebrew/sbin:/Library/Frameworks/Python.framework/Versions/3.9/bin:/Users/collin/.cargo/bin:/Users/collin/bin/diyDB/:/usr/local/go/bin/
# environment
LSCOLORS = Gxfxcxdxbxegedabagacad
# makefile (from `Makefile', line 37)
FILEPATHQUOTED := 
# environment
ELECTRON_RUN_AS_NODE = 1
# default
.FEATURES := target-specific order-only second-expansion else-if archives jobserver check-symlink
# environment
SSH_AUTH_SOCK = /private/tmp/com.apple.launchd.0IzSSKpVqC/Listeners
# automatic
%F = $(notdir $%)
# environment
DISPLAY = /private/tmp/com.apple.launchd.F8XGqBu3W3/org.xquartz:0
# makefile (from `Makefile', line 23)
MAIN_DEP := ./build/./src/main.cpp.d
# makefile (from `Makefile', line 16)
OBJS := ./build/./src/csv/csv.cpp.o
# makefile (from `Makefile', line 6)
SRC_DIRS := ./src
# makefile (from `Makefile', line 10)
MAIN_SRC := ./src/main.cpp
# environment
PWD = /Users/collin/code/lap_sim
# makefile (from `Makefile', line 29)
INC_FLAGS := -I./src -I./src/csv -I./src/catch 
# environment
HOMEBREW_CELLAR = /opt/homebrew/Cellar
# environment
ORIGINAL_XDG_CURRENT_DESKTOP = undefined
# environment
MANPATH = /opt/homebrew/share/man::
# environment
VSCODE_AMD_ENTRYPOINT = vs/workbench/api/node/extensionHostProcess
# environment
HOME = /Users/collin
# default
MAKEFILEPATH = $(shell /usr/bin/xcode-select -print-path 2>/dev/null || echo /Developer)/Makefiles
# environment
VSCODE_CODE_CACHE_PATH = /Users/collin/Library/Application Support/Code/CachedData/3b889b090b5ad5793f524b5d1d39fda662b96a2a
# environment
LOGNAME = collin
# environment
APPLICATION_INSIGHTS_NO_DIAGNOSTIC_CHANNEL = true
# environment
ZSH = /Users/collin/.oh-my-zsh
# environment
VSCODE_HANDLES_UNCAUGHT_ERRORS = true
# automatic
^D = $(patsubst %/,%,$(dir $^))
# makefile (from `Makefile', line 1)
TARGET_EXEC := main
# environment
XPC_FLAGS = 0x0
# default
MAKE = $(MAKE_COMMAND)
# default
MAKECMDGOALS := all
# makefile (from `Makefile', line 12)
SRCS := ./src/csv/csv.cpp
# environment
SHLVL = 1
# makefile (from `Makefile', line 5)
BUILD_DIR := ./build
# default
MAKE_VERSION := 3.81
# environment
USER = collin
# makefile
.DEFAULT_GOAL := main
# environment
LESS = -R
# automatic
%D = $(patsubst %/,%,$(dir $%))
# default
MAKE_COMMAND := /Library/Developer/CommandLineTools/usr/bin/make
# default
.VARIABLES := 
# environment
TMPDIR = /var/folders/zr/cvdngc7d2cq4xwgbc5hx0znw0000gn/T/
# automatic
*F = $(notdir $*)
# environment
VSCODE_IPC_HOOK = /Users/collin/Library/Application Support/Code/1.69.2-main.sock
# environment
MallocNanoZone = 0
# makefile
MAKEFLAGS = Rrqp
# environment
MFLAGS = -Rrqp
# automatic
*D = $(patsubst %/,%,$(dir $*))
# environment
XPC_SERVICE_NAME = application.com.microsoft.VSCode.27127995.27128001
# environment
HOMEBREW_PREFIX = /opt/homebrew
# automatic
+D = $(patsubst %/,%,$(dir $+))
# automatic
+F = $(notdir $+)
# environment
HOMEBREW_REPOSITORY = /opt/homebrew
# environment
__CF_USER_TEXT_ENCODING = 0x1F5:0x0:0x0
# environment
COMMAND_MODE = unix2003
# default
MAKEFILES := 
# automatic
<F = $(notdir $<)
# makefile (from `Makefile', line 3)
CXX := clang++
# makefile (from `Makefile', line 18)
TEST_OBJ := ./build/./src/test.cpp.o ./build/./src/catch/catchmain.cpp.o
# environment
PAGER = less
# environment
LC_ALL = C
# automatic
^F = $(notdir $^)
# makefile (from `Makefile', line 22)
DEPS := ./build/./src/csv/csv.cpp.d
# default
SUFFIXES := 
# default
.INCLUDE_DIRS = /usr/local/include
# environment
MAKELEVEL := 0
# environment
LANG = C
# environment
VSCODE_PID = 84751
# variable set hash-table stats:
# Load=86/1024=8%, Rehash=0, Collisions=16/147=11%

# Pattern-specific Variable Values

# No pattern-specific variable values.

# Directories

# . (device 16777233, inode 27468304): 10 files, no impossibilities.

# 10 files, no impossibilities in 1 directories.

# Implicit Rules

build/%.cpp.o: %.cpp
#  commands to execute (from `Makefile', line 47):
	mkdir -p $(dir $@)
	$(CXX) $(CPPFLAGS) -D'FILEPATH=$(FILEPATHQUOTED)' $(CXXFLAGS) -c $< -o $@
	

# 1 implicit rules, 0 (0.0%) terminal.

# Files

# Not a target:
build/./src/main.cpp.d:
#  A default, MAKEFILES, or -include/sinclude makefile.
#  Implicit rule search has been done.
#  Last modified 2022-07-23 21:51:52
#  File has been updated.
#  Successfully updated.
# variable set hash-table stats:
# Load=0/32=0%, Rehash=0, Collisions=0/0=0%

# Not a target:
all:
#  Command-line target.
#  Implicit rule search has been done.
#  File does not exist.
#  File has not been updated.
# variable set hash-table stats:
# Load=0/32=0%, Rehash=0, Collisions=0/0=0%

.PHONY: clean install uninstall
#  Implicit rule search has not been done.
#  Modification time never checked.
#  File has not been updated.

# Not a target:
.SUFFIXES:
#  Implicit rule search has not been done.
#  Modification time never checked.
#  File has not been updated.

uninstall:
#  Phony target (prerequisite of .PHONY).
#  Implicit rule search has not been done.
#  File does not exist.
#  File has not been updated.
#  commands to execute (from `Makefile', line 70):
	chmod +x uninstall.sh
	./uninstall.sh
	

# Not a target:
Makefile:
#  Implicit rule search has been done.
#  Last modified 2022-07-23 21:14:51
#  File has been updated.
#  Successfully updated.
# variable set hash-table stats:
# Load=0/32=0%, Rehash=0, Collisions=0/0=0%

# Not a target:
build/./src/test.cpp.d:
#  A default, MAKEFILES, or -include/sinclude makefile.
#  Implicit rule search has been done.
#  File does not exist.
#  File has been updated.
#  Failed to be updated.
# variable set hash-table stats:
# Load=0/32=0%, Rehash=0, Collisions=0/0=0%

build/./src/csv/csv.cpp.o: src/csv/csv.cpp src/csv/csv.h
#  Implicit rule search has not been done.
#  Modification time never checked.
#  File has not been updated.

test: build/./src/csv/csv.cpp.o build/./src/test.cpp.o build/./src/catch/catchmain.cpp.o
#  Implicit rule search has not been done.
#  Modification time never checked.
#  File has not been updated.
#  commands to execute (from `Makefile', line 43):
	$(CXX) $(OBJS) $(TEST_OBJ) -o $@ $(LDFLAGS)
	

build/./src/main.cpp.o: src/main.cpp src/csv/csv.h
#  Implicit rule search has not been done.
#  Modification time never checked.
#  File has not been updated.

# Not a target:
build/./src/catch/catchmain.cpp.d:
#  A default, MAKEFILES, or -include/sinclude makefile.
#  Implicit rule search has been done.
#  File does not exist.
#  File has been updated.
#  Failed to be updated.
# variable set hash-table stats:
# Load=0/32=0%, Rehash=0, Collisions=0/0=0%

# Not a target:
build/./src/test.cpp.o:
#  Implicit rule search has not been done.
#  Modification time never checked.
#  File has not been updated.

# Not a target:
.DEFAULT:
 
#  Implicit rule search has not been done.
#  Modification time never checked.
#  File has not been updated.

src/csv/csv.h:
#  Implicit rule search has not been done.
#  Modification time never checked.
#  File has not been updated.

# Not a target:
src/csv/csv.cpp:
#  Implicit rule search has not been done.
#  Modification time never checked.
#  File has not been updated.

clean:
#  Phony target (prerequisite of .PHONY).
#  Implicit rule search has not been done.
#  File does not exist.
#  File has not been updated.
#  commands to execute (from `Makefile', line 54):
	rm -r $(BUILD_DIR)
	rm $(TARGET_EXEC)
	

# Not a target:
src/main.cpp:
#  Implicit rule search has not been done.
#  Modification time never checked.
#  File has not been updated.

# Not a target:
build/./src/catch/catchmain.cpp.o:
#  Implicit rule search has not been done.
#  Modification time never checked.
#  File has not been updated.

main: build/./src/csv/csv.cpp.o build/./src/main.cpp.o
#  Implicit rule search has not been done.
#  Modification time never checked.
#  File has not been updated.
#  commands to execute (from `Makefile', line 40):
	$(CXX) $(OBJS) $(MAIN_OBJ) -o $@ $(LDFLAGS)
	

install:
#  Phony target (prerequisite of .PHONY).
#  Implicit rule search has not been done.
#  File does not exist.
#  File has not been updated.
#  commands to execute (from `Makefile', line 65):
	chmod +x install.sh
	./install.sh
	

# Not a target:
build/./src/csv/csv.cpp.d:
#  A default, MAKEFILES, or -include/sinclude makefile.
#  Implicit rule search has been done.
#  Last modified 2022-07-23 21:51:52
#  File has been updated.
#  Successfully updated.
# variable set hash-table stats:
# Load=0/32=0%, Rehash=0, Collisions=0/0=0%

# files hash-table stats:
# Load=21/1024=2%, Rehash=0, Collisions=2/52=4%
# VPATH Search Paths

# No `vpath' search paths.

# No general (`VPATH' variable) search path.

# # of strings in strcache: 5
# # of strcache buffers: 1
# strcache size: total = 4096 / max = 4096 / min = 4096 / avg = 4096
# strcache free: total = 3981 / max = 3981 / min = 3981 / avg = 3981

# Finished Make data base on Sun Jul 24 15:07:43 2022

 
